<?xml version='1.0' encoding='UTF-8'?>
<testsuite hostname="igtp3-mac11.isim.intra" name="IndexTest" tests="13" errors="0" failures="0" skipped="0" time="0.023" timestamp="2019-10-16T15:56:29">
                     <properties>
[...]
</properties>
                     <testcase classname="IndexTest" name="toString should return a string representation of a one blob index" time="0.017">
                                                 
                                               </testcase><testcase classname="IndexTest" name="toString should return a string representation of a two blobs index" time="0.0">
                                                 
                                               </testcase><testcase classname="IndexTest" name="toString should return an empty string when it has no blobs" time="0.0">
                                                 
                                               </testcase><testcase classname="IndexTest" name="isEmpty should return true when given an empty index" time="0.003">
                                                 
                                               </testcase><testcase classname="IndexTest" name="isEmpty should return false when given an index with one element" time="0.0">
                                                 
                                               </testcase><testcase classname="IndexTest" name="add should return a new index containing only the blob given in parameter when it is empty" time="0.002">
                                                 
                                               </testcase><testcase classname="IndexTest" name="add should return a new index with a size of n+1 when given a new blob in parameter" time="0.0">
                                                 
                                               </testcase><testcase classname="IndexTest" name="add should return a new index with a size of n when given a blob already in the index" time="0.0">
                                                 
                                               </testcase><testcase classname="IndexTest" name="getNewBlobs should return an index of size 0 when given an empty index in parameter" time="0.0">
                                                 
                                               </testcase><testcase classname="IndexTest" name="getNewBlobs should return an index of size 1 when given an index with 1 blob which has no blob with same hash" time="0.001">
                                                 
                                               </testcase><testcase classname="IndexTest" name="getNewBlobs should return an index of size 0 when given an index with 1 blob which has same hash than another blob" time="0.0">
                                                 
                                               </testcase><testcase classname="IndexTest" name="containsBlob should return true when given a blob that has same hash than another in the index" time="0.0">
                                                 
                                               </testcase><testcase classname="IndexTest" name="containsBlob should return false when given a blob that hasnt same hash than another in the index" time="0.0">
                                                 
                                               </testcase>
                     <system-out><![CDATA[]]></system-out>
                     <system-err><![CDATA[]]></system-err>
                   </testsuite>