<?xml version='1.0' encoding='UTF-8'?>
<testsuite hostname="quentin-MS-7978" name="CryptSHA1Test" tests="1" errors="0" failures="0" skipped="0" time="0.02" timestamp="2019-10-16T21:30:04">
                     <properties>
[...]
</properties>
                     <testcase classname="CryptSHA1Test" name="apply method should return a SHA1 crypted value given a string" time="0.02">
                                                 
                                               </testcase>
                     <system-out><![CDATA[]]></system-out>
                     <system-err><![CDATA[]]></system-err>
                   </testsuite>