<?xml version='1.0' encoding='UTF-8'?>
<testsuite hostname="quentin-MS-7978" name="FileManagerTest" tests="20" errors="0" failures="0" skipped="2" time="0.017" timestamp="2019-10-16T21:30:04">
                     <properties>
[...]
</properties>
                     <testcase classname="FileManagerTest" name="exists should return true when a file of same path exists" time="0.01">
                                                 
                                               </testcase><testcase classname="FileManagerTest" name="exists should return false when a file of the path doesn't exist" time="0.001">
                                                 
                                               </testcase><testcase classname="FileManagerTest" name="isDirectory should return true when a directory of the same path exists" time="0.0">
                                                 
                                               </testcase><testcase classname="FileManagerTest" name="isDirectory should return false when a directory of the same path doesn't exist" time="0.001">
                                                 
                                               </testcase><testcase classname="FileManagerTest" name="isFile should return true when a file of the same path exist" time="0.0">
                                                 
                                               </testcase><testcase classname="FileManagerTest" name="isFile should return false when a directory of the same path doesn't exist" time="0.001">
                                                 
                                               </testcase><testcase classname="FileManagerTest" name="listFiles should return an empty list in option when given a path from empty directory" time="0.0">
                                                 
                                               </testcase><testcase classname="FileManagerTest" name="listFiles should return None when given a path from directory that doesn't exist" time="0.0">
                                                 
                                               </testcase><testcase classname="FileManagerTest" name="listFiles should return the list of files in an existing directory when given a valid path" time="0.001">
                                                 
                                               </testcase><testcase classname="FileManagerTest" name="readFile should return None when given a path from a file that doesn't exist" time="0.001">
                                                 
                                               </testcase><testcase classname="FileManagerTest" name="readFile should return empty String when given a path from an empty file" time="-0.001">
                                                 <skipped/>
                                               </testcase><testcase classname="FileManagerTest" name="readFile should return a simple String when given a path from a one line file" time="0.001">
                                                 
                                               </testcase><testcase classname="FileManagerTest" name="readFile should return a String representing the content of the file cut by \n when given a path from a file with many rows" time="0.001">
                                                 
                                               </testcase><testcase classname="FileManagerTest" name="readFile should return a String representing the content of the file cut by \n when given a path from a file with many rows and empty lines" time="0.001">
                                                 
                                               </testcase><testcase classname="FileManagerTest" name="readFile should return a String representing the content of the file cut by \n when given a path from a file with many rows finishing by \n" time="-0.001">
                                                 <skipped/>
                                               </testcase><testcase classname="FileManagerTest" name="createDir should create a new directory and return true when given a valid path" time="0.001">
                                                 
                                               </testcase><testcase classname="FileManagerTest" name="createDir should create nothing and return false when given an already existing directory path" time="0.0">
                                                 
                                               </testcase><testcase classname="FileManagerTest" name="writeFile should create a new file and return true when given an unknown path" time="0.0">
                                                 
                                               </testcase><testcase classname="FileManagerTest" name="writeFile should create a new file with correct content and return true when given an unknown path and text" time="0.0">
                                                 
                                               </testcase><testcase classname="FileManagerTest" name="writeFile should replace the content of a file and return true when given a path from existing file" time="0.0">
                                                 
                                               </testcase>
                     <system-out><![CDATA[]]></system-out>
                     <system-err><![CDATA[]]></system-err>
                   </testsuite>